<?xml version="1.0" encoding="UTF-8"?>
<coverage generated="1608992436">
  <project timestamp="1608992436">
    <file name="/Users/builder/Sites/searchable-resource/src/AbstractQuery.php">
      <class name="BayAreaWebPro\SearchableResource\AbstractQuery" namespace="global">
        <metrics complexity="7" methods="7" coveredmethods="7" conditionals="0" coveredconditionals="0" statements="9" coveredstatements="9" elements="16" coveredelements="16"/>
      </class>
      <line num="29" type="method" name="make" visibility="public" complexity="1" crap="1" count="1"/>
      <line num="31" type="stmt" count="1"/>
      <line num="38" type="method" name="__construct" visibility="public" complexity="1" crap="1" count="9"/>
      <line num="40" type="stmt" count="9"/>
      <line num="41" type="stmt" count="9"/>
      <line num="47" type="method" name="__invoke" visibility="public" complexity="1" crap="1" count="3"/>
      <line num="49" type="stmt" count="3"/>
      <line num="50" type="stmt" count="3"/>
      <line num="56" type="method" name="getApplies" visibility="public" complexity="1" crap="1" count="6"/>
      <line num="58" type="stmt" count="6"/>
      <line num="66" type="method" name="getValue" visibility="public" complexity="1" crap="1" count="8"/>
      <line num="68" type="stmt" count="8"/>
      <line num="75" type="method" name="getField" visibility="public" complexity="1" crap="1" count="9"/>
      <line num="77" type="stmt" count="9"/>
      <line num="84" type="method" name="getAttribute" visibility="public" complexity="1" crap="1" count="2"/>
      <line num="86" type="stmt" count="2"/>
      <metrics loc="88" ncloc="51" classes="1" methods="7" coveredmethods="7" conditionals="0" coveredconditionals="0" statements="9" coveredstatements="9" elements="16" coveredelements="16"/>
    </file>
    <file name="/Users/builder/Sites/searchable-resource/src/Commands/MakeQueryCommand.php">
      <class name="BayAreaWebPro\SearchableResource\Commands\MakeQueryCommand" namespace="global">
        <metrics complexity="3" methods="3" coveredmethods="2" conditionals="0" coveredconditionals="0" statements="3" coveredstatements="2" elements="6" coveredelements="4"/>
      </class>
      <line num="32" type="method" name="getStub" visibility="protected" complexity="1" crap="1" count="1"/>
      <line num="34" type="stmt" count="1"/>
      <line num="41" type="method" name="getArguments" visibility="protected" complexity="1" crap="2" count="0"/>
      <line num="44" type="stmt" count="0"/>
      <line num="53" type="method" name="getDefaultNamespace" visibility="protected" complexity="1" crap="1" count="1"/>
      <line num="54" type="stmt" count="1"/>
      <metrics loc="56" ncloc="31" classes="1" methods="3" coveredmethods="2" conditionals="0" coveredconditionals="0" statements="3" coveredstatements="2" elements="6" coveredelements="4"/>
    </file>
    <file name="/Users/builder/Sites/searchable-resource/src/Commands/MakeSearchableCommand.php">
      <class name="BayAreaWebPro\SearchableResource\Commands\MakeSearchableCommand" namespace="global">
        <metrics complexity="3" methods="3" coveredmethods="2" conditionals="0" coveredconditionals="0" statements="3" coveredstatements="2" elements="6" coveredelements="4"/>
      </class>
      <line num="31" type="method" name="getStub" visibility="protected" complexity="1" crap="1" count="1"/>
      <line num="33" type="stmt" count="1"/>
      <line num="40" type="method" name="getArguments" visibility="protected" complexity="1" crap="2" count="0"/>
      <line num="43" type="stmt" count="0"/>
      <line num="52" type="method" name="getDefaultNamespace" visibility="protected" complexity="1" crap="1" count="1"/>
      <line num="53" type="stmt" count="1"/>
      <metrics loc="55" ncloc="30" classes="1" methods="3" coveredmethods="2" conditionals="0" coveredconditionals="0" statements="3" coveredstatements="2" elements="6" coveredelements="4"/>
    </file>
    <file name="/Users/builder/Sites/searchable-resource/src/Concerns/Appendable.php">
      <class name="BayAreaWebPro\SearchableResource\Concerns\Appendable" namespace="global">
        <metrics complexity="5" methods="3" coveredmethods="3" conditionals="0" coveredconditionals="0" statements="8" coveredstatements="8" elements="11" coveredelements="11"/>
      </class>
      <line num="12" type="method" name="appendable" visibility="public" complexity="1" crap="1" count="2"/>
      <line num="14" type="stmt" count="2"/>
      <line num="15" type="stmt" count="2"/>
      <line num="23" type="method" name="fields" visibility="public" complexity="1" crap="1" count="11"/>
      <line num="25" type="stmt" count="11"/>
      <line num="26" type="stmt" count="11"/>
      <line num="34" type="method" name="appendAppendable" visibility="protected" complexity="3" crap="3" count="19"/>
      <line num="36" type="stmt" count="19"/>
      <line num="37" type="stmt" count="2"/>
      <line num="38" type="stmt" count="2"/>
      <line num="41" type="stmt" count="19"/>
      <metrics loc="43" ncloc="28" classes="1" methods="3" coveredmethods="3" conditionals="0" coveredconditionals="0" statements="8" coveredstatements="8" elements="11" coveredelements="11"/>
    </file>
    <file name="/Users/builder/Sites/searchable-resource/src/Concerns/Labeled.php">
      <class name="BayAreaWebPro\SearchableResource\Concerns\Labeled" namespace="global">
        <metrics complexity="1" methods="1" coveredmethods="1" conditionals="0" coveredconditionals="0" statements="2" coveredstatements="2" elements="3" coveredelements="3"/>
      </class>
      <line num="12" type="method" name="labeled" visibility="public" complexity="1" crap="1" count="3"/>
      <line num="14" type="stmt" count="3"/>
      <line num="15" type="stmt" count="3"/>
      <metrics loc="17" ncloc="12" classes="1" methods="1" coveredmethods="1" conditionals="0" coveredconditionals="0" statements="2" coveredstatements="2" elements="3" coveredelements="3"/>
    </file>
    <file name="/Users/builder/Sites/searchable-resource/src/Concerns/Optional.php">
      <class name="BayAreaWebPro\SearchableResource\Concerns\Optional" namespace="global">
        <metrics complexity="4" methods="3" coveredmethods="3" conditionals="0" coveredconditionals="0" statements="10" coveredstatements="10" elements="13" coveredelements="13"/>
      </class>
      <line num="17" type="method" name="withOptions" visibility="public" complexity="1" crap="1" count="3"/>
      <line num="19" type="stmt" count="3"/>
      <line num="20" type="stmt" count="3"/>
      <line num="27" type="method" name="useFormatter" visibility="public" complexity="1" crap="1" count="1"/>
      <line num="29" type="stmt" count="1"/>
      <line num="30" type="stmt" count="1"/>
      <line num="39" type="method" name="formatOptions" visibility="protected" complexity="2" crap="2" count="2"/>
      <line num="41" type="stmt" count="2"/>
      <line num="42" type="stmt" count="1"/>
      <line num="44" type="stmt" count="1"/>
      <line num="45" type="stmt" count="1"/>
      <line num="46" type="stmt" count="1"/>
      <line num="47" type="stmt" count="1"/>
      <metrics loc="49" ncloc="34" classes="1" methods="3" coveredmethods="3" conditionals="0" coveredconditionals="0" statements="10" coveredstatements="10" elements="13" coveredelements="13"/>
    </file>
    <file name="/Users/builder/Sites/searchable-resource/src/Concerns/Orderable.php">
      <class name="BayAreaWebPro\SearchableResource\Concerns\Orderable" namespace="global">
        <metrics complexity="4" methods="4" coveredmethods="4" conditionals="0" coveredconditionals="0" statements="6" coveredstatements="6" elements="10" coveredelements="10"/>
      </class>
      <line num="14" type="method" name="orderable" visibility="public" complexity="1" crap="1" count="4"/>
      <line num="16" type="stmt" count="4"/>
      <line num="17" type="stmt" count="4"/>
      <line num="25" type="method" name="orderBy" visibility="public" complexity="1" crap="1" count="4"/>
      <line num="27" type="stmt" count="4"/>
      <line num="28" type="stmt" count="4"/>
      <line num="35" type="method" name="getOrderBy" visibility="public" complexity="1" crap="1" count="19"/>
      <line num="37" type="stmt" count="19"/>
      <line num="44" type="method" name="getOrderableOptions" visibility="public" complexity="1" crap="1" count="23"/>
      <line num="46" type="stmt" count="23"/>
      <metrics loc="48" ncloc="30" classes="1" methods="4" coveredmethods="4" conditionals="0" coveredconditionals="0" statements="6" coveredstatements="6" elements="10" coveredelements="10"/>
    </file>
    <file name="/Users/builder/Sites/searchable-resource/src/Concerns/Paginated.php">
      <class name="BayAreaWebPro\SearchableResource\Concerns\Paginated" namespace="global">
        <metrics complexity="8" methods="5" coveredmethods="4" conditionals="0" coveredconditionals="0" statements="21" coveredstatements="20" elements="26" coveredelements="24"/>
      </class>
      <line num="17" type="method" name="paginate" visibility="public" complexity="1" crap="1" count="4"/>
      <line num="19" type="stmt" count="4"/>
      <line num="20" type="stmt" count="4"/>
      <line num="27" type="method" name="getPerPage" visibility="public" complexity="1" crap="1" count="3"/>
      <line num="29" type="stmt" count="3"/>
      <line num="36" type="method" name="getPerPageOptions" visibility="public" complexity="1" crap="1" count="23"/>
      <line num="38" type="stmt" count="23"/>
      <line num="46" type="method" name="formatPaginator" visibility="protected" complexity="2" crap="2.02" count="3"/>
      <line num="48" type="stmt" count="3"/>
      <line num="49" type="stmt" count="3"/>
      <line num="53" type="stmt" count="3"/>
      <line num="54" type="stmt" count="3"/>
      <line num="55" type="stmt" count="3"/>
      <line num="59" type="stmt" count="0"/>
      <line num="67" type="method" name="formatQuery" visibility="protected" complexity="3" crap="3" count="19"/>
      <line num="69" type="stmt" count="19"/>
      <line num="70" type="stmt" count="19"/>
      <line num="71" type="stmt" count="19"/>
      <line num="74" type="stmt" count="19"/>
      <line num="75" type="stmt" count="3"/>
      <line num="76" type="stmt" count="3"/>
      <line num="77" type="stmt" count="3"/>
      <line num="81" type="stmt" count="19"/>
      <line num="82" type="stmt" count="2"/>
      <line num="83" type="stmt" count="2"/>
      <line num="87" type="stmt" count="19"/>
      <metrics loc="89" ncloc="66" classes="1" methods="5" coveredmethods="4" conditionals="0" coveredconditionals="0" statements="21" coveredstatements="20" elements="26" coveredelements="24"/>
    </file>
    <file name="/Users/builder/Sites/searchable-resource/src/Concerns/Resourceful.php">
      <class name="BayAreaWebPro\SearchableResource\Concerns\Resourceful" namespace="global">
        <metrics complexity="3" methods="1" coveredmethods="1" conditionals="0" coveredconditionals="0" statements="3" coveredstatements="3" elements="4" coveredelements="4"/>
      </class>
      <line num="13" type="method" name="resource" visibility="public" complexity="3" crap="3" count="1"/>
      <line num="15" type="stmt" count="1"/>
      <line num="16" type="stmt" count="1"/>
      <line num="18" type="stmt" count="1"/>
      <metrics loc="20" ncloc="15" classes="1" methods="1" coveredmethods="1" conditionals="0" coveredconditionals="0" statements="3" coveredstatements="3" elements="4" coveredelements="4"/>
    </file>
    <file name="/Users/builder/Sites/searchable-resource/src/Concerns/Selectable.php">
      <class name="BayAreaWebPro\SearchableResource\Concerns\Selectable" namespace="global">
        <metrics complexity="1" methods="1" coveredmethods="1" conditionals="0" coveredconditionals="0" statements="2" coveredstatements="2" elements="3" coveredelements="3"/>
      </class>
      <line num="12" type="method" name="select" visibility="public" complexity="1" crap="1" count="1"/>
      <line num="14" type="stmt" count="1"/>
      <line num="15" type="stmt" count="1"/>
      <metrics loc="17" ncloc="12" classes="1" methods="1" coveredmethods="1" conditionals="0" coveredconditionals="0" statements="2" coveredstatements="2" elements="3" coveredelements="3"/>
    </file>
    <file name="/Users/builder/Sites/searchable-resource/src/Concerns/Sortable.php">
      <class name="BayAreaWebPro\SearchableResource\Concerns\Sortable" namespace="global">
        <metrics complexity="3" methods="3" coveredmethods="3" conditionals="0" coveredconditionals="0" statements="5" coveredstatements="5" elements="8" coveredelements="8"/>
      </class>
      <line num="15" type="method" name="sort" visibility="public" complexity="1" crap="1" count="4"/>
      <line num="17" type="stmt" count="4"/>
      <line num="18" type="stmt" count="4"/>
      <line num="25" type="method" name="getSort" visibility="public" complexity="1" crap="1" count="19"/>
      <line num="27" type="stmt" count="19"/>
      <line num="35" type="method" name="getSortOptions" visibility="protected" complexity="1" crap="1" count="23"/>
      <line num="37" type="stmt" count="23"/>
      <line num="38" type="stmt" count="23"/>
      <metrics loc="42" ncloc="29" classes="1" methods="3" coveredmethods="3" conditionals="0" coveredconditionals="0" statements="5" coveredstatements="5" elements="8" coveredelements="8"/>
    </file>
    <file name="/Users/builder/Sites/searchable-resource/src/Concerns/Validatable.php">
      <class name="BayAreaWebPro\SearchableResource\Concerns\Validatable" namespace="global">
        <metrics complexity="2" methods="2" coveredmethods="2" conditionals="0" coveredconditionals="0" statements="8" coveredstatements="8" elements="10" coveredelements="10"/>
      </class>
      <line num="14" type="method" name="rules" visibility="public" complexity="1" crap="1" count="5"/>
      <line num="16" type="stmt" count="5"/>
      <line num="17" type="stmt" count="5"/>
      <line num="24" type="method" name="compileRules" visibility="public" complexity="1" crap="1" count="23"/>
      <line num="26" type="stmt" count="23"/>
      <line num="27" type="stmt" count="23"/>
      <line num="28" type="stmt" count="23"/>
      <line num="29" type="stmt" count="23"/>
      <line num="30" type="stmt" count="23"/>
      <line num="31" type="stmt" count="23"/>
      <metrics loc="34" ncloc="25" classes="1" methods="2" coveredmethods="2" conditionals="0" coveredconditionals="0" statements="8" coveredstatements="8" elements="10" coveredelements="10"/>
    </file>
    <file name="/Users/builder/Sites/searchable-resource/src/Concerns/Whenable.php">
      <class name="BayAreaWebPro\SearchableResource\Concerns\Whenable" namespace="global">
        <metrics complexity="4" methods="2" coveredmethods="2" conditionals="0" coveredconditionals="0" statements="6" coveredstatements="6" elements="8" coveredelements="8"/>
      </class>
      <line num="16" type="method" name="when" visibility="public" complexity="2" crap="2" count="1"/>
      <line num="18" type="stmt" count="1"/>
      <line num="19" type="stmt" count="1"/>
      <line num="21" type="stmt" count="1"/>
      <line num="29" type="method" name="tap" visibility="public" complexity="2" crap="2" count="1"/>
      <line num="31" type="stmt" count="1"/>
      <line num="32" type="stmt" count="1"/>
      <line num="34" type="stmt" count="1"/>
      <metrics loc="36" ncloc="25" classes="1" methods="2" coveredmethods="2" conditionals="0" coveredconditionals="0" statements="6" coveredstatements="6" elements="8" coveredelements="8"/>
    </file>
    <file name="/Users/builder/Sites/searchable-resource/src/Concerns/Withable.php">
      <class name="BayAreaWebPro\SearchableResource\Concerns\Withable" namespace="global">
        <metrics complexity="1" methods="1" coveredmethods="1" conditionals="0" coveredconditionals="0" statements="2" coveredstatements="2" elements="3" coveredelements="3"/>
      </class>
      <line num="12" type="method" name="with" visibility="public" complexity="1" crap="1" count="2"/>
      <line num="14" type="stmt" count="2"/>
      <line num="15" type="stmt" count="2"/>
      <metrics loc="17" ncloc="12" classes="1" methods="1" coveredmethods="1" conditionals="0" coveredconditionals="0" statements="2" coveredstatements="2" elements="3" coveredelements="3"/>
    </file>
    <file name="/Users/builder/Sites/searchable-resource/src/Contracts/ConditionalQuery.php">
      <metrics loc="8" ncloc="8" classes="0" methods="0" coveredmethods="0" conditionals="0" coveredconditionals="0" statements="0" coveredstatements="0" elements="0" coveredelements="0"/>
    </file>
    <file name="/Users/builder/Sites/searchable-resource/src/Contracts/FormatsOptions.php">
      <metrics loc="10" ncloc="10" classes="0" methods="0" coveredmethods="0" conditionals="0" coveredconditionals="0" statements="0" coveredstatements="0" elements="0" coveredelements="0"/>
    </file>
    <file name="/Users/builder/Sites/searchable-resource/src/Contracts/InvokableQuery.php">
      <metrics loc="11" ncloc="11" classes="0" methods="0" coveredmethods="0" conditionals="0" coveredconditionals="0" statements="0" coveredstatements="0" elements="0" coveredelements="0"/>
    </file>
    <file name="/Users/builder/Sites/searchable-resource/src/Contracts/ProvidesOptions.php">
      <metrics loc="8" ncloc="8" classes="0" methods="0" coveredmethods="0" conditionals="0" coveredconditionals="0" statements="0" coveredstatements="0" elements="0" coveredelements="0"/>
    </file>
    <file name="/Users/builder/Sites/searchable-resource/src/Contracts/ValidatableQuery.php">
      <metrics loc="9" ncloc="9" classes="0" methods="0" coveredmethods="0" conditionals="0" coveredconditionals="0" statements="0" coveredstatements="0" elements="0" coveredelements="0"/>
    </file>
    <file name="/Users/builder/Sites/searchable-resource/src/OptionsFormatter.php">
      <class name="BayAreaWebPro\SearchableResource\OptionsFormatter" namespace="global">
        <metrics complexity="2" methods="1" coveredmethods="1" conditionals="0" coveredconditionals="0" statements="9" coveredstatements="9" elements="10" coveredelements="10"/>
      </class>
      <line num="11" type="method" name="__invoke" visibility="public" complexity="2" crap="2" count="1"/>
      <line num="13" type="stmt" count="1"/>
      <line num="14" type="stmt" count="1"/>
      <line num="15" type="stmt" count="1"/>
      <line num="16" type="stmt" count="1"/>
      <line num="17" type="stmt" count="1"/>
      <line num="19" type="stmt" count="1"/>
      <line num="20" type="stmt" count="1"/>
      <line num="21" type="stmt" count="1"/>
      <line num="22" type="stmt" count="1"/>
      <metrics loc="24" ncloc="24" classes="1" methods="1" coveredmethods="1" conditionals="0" coveredconditionals="0" statements="9" coveredstatements="9" elements="10" coveredelements="10"/>
    </file>
    <file name="/Users/builder/Sites/searchable-resource/src/SearchableBuilder.php">
      <class name="BayAreaWebPro\SearchableResource\SearchableBuilder" namespace="global">
        <metrics complexity="27" methods="13" coveredmethods="10" conditionals="0" coveredconditionals="0" statements="72" coveredstatements="67" elements="85" coveredelements="77"/>
      </class>
      <line num="137" type="method" name="__construct" visibility="public" complexity="1" crap="1" count="27"/>
      <line num="139" type="stmt" count="27"/>
      <line num="140" type="stmt" count="27"/>
      <line num="141" type="stmt" count="27"/>
      <line num="148" type="method" name="make" visibility="public" complexity="1" crap="1" count="24"/>
      <line num="150" type="stmt" count="24"/>
      <line num="151" type="stmt" count="24"/>
      <line num="160" type="method" name="queries" visibility="public" complexity="6" crap="6.07" count="8"/>
      <line num="162" type="stmt" count="8"/>
      <line num="163" type="stmt" count="8"/>
      <line num="164" type="stmt" count="0"/>
      <line num="166" type="stmt" count="8"/>
      <line num="167" type="stmt" count="8"/>
      <line num="168" type="stmt" count="8"/>
      <line num="169" type="stmt" count="8"/>
      <line num="172" type="stmt" count="8"/>
      <line num="180" type="method" name="query" visibility="public" complexity="6" crap="6.02" count="9"/>
      <line num="182" type="stmt" count="9"/>
      <line num="183" type="stmt" count="6"/>
      <line num="184" type="stmt" count="6"/>
      <line num="185" type="stmt" count="6"/>
      <line num="186" type="stmt" count="6"/>
      <line num="189" type="stmt" count="3"/>
      <line num="190" type="stmt" count="3"/>
      <line num="191" type="stmt" count="0"/>
      <line num="194" type="stmt" count="9"/>
      <line num="195" type="stmt" count="3"/>
      <line num="197" type="stmt" count="9"/>
      <line num="198" type="stmt" count="9"/>
      <line num="205" type="method" name="executePaginatorQuery" visibility="protected" complexity="1" crap="1" count="4"/>
      <line num="207" type="stmt" count="4"/>
      <line num="208" type="stmt" count="3"/>
      <line num="209" type="stmt" count="3"/>
      <line num="216" type="method" name="executeQuery" visibility="protected" complexity="1" crap="1" count="19"/>
      <line num="218" type="stmt" count="19"/>
      <line num="219" type="stmt" count="16"/>
      <line num="220" type="stmt" count="16"/>
      <line num="227" type="method" name="getOptions" visibility="protected" complexity="2" crap="2" count="19"/>
      <line num="232" type="stmt" count="19"/>
      <line num="234" type="stmt" count="2"/>
      <line num="235" type="stmt" count="2"/>
      <line num="236" type="stmt" count="2"/>
      <line num="238" type="stmt" count="2"/>
      <line num="239" type="stmt" count="2"/>
      <line num="240" type="stmt" count="2"/>
      <line num="241" type="stmt" count="2"/>
      <line num="248" type="stmt" count="17"/>
      <line num="249" type="stmt" count="17"/>
      <line num="250" type="stmt" count="17"/>
      <line num="251" type="stmt" count="17"/>
      <line num="252" type="stmt" count="17"/>
      <line num="260" type="method" name="toResponse" visibility="public" complexity="3" crap="3" count="22"/>
      <line num="262" type="stmt" count="22"/>
      <line num="264" type="stmt" count="22"/>
      <line num="266" type="stmt" count="3"/>
      <line num="267" type="stmt" count="2"/>
      <line num="271" type="stmt" count="19"/>
      <line num="272" type="stmt" count="16"/>
      <line num="279" type="method" name="toArray" visibility="public" complexity="2" crap="2.21" count="1"/>
      <line num="281" type="stmt" count="1"/>
      <line num="282" type="stmt" count="1"/>
      <line num="283" type="stmt" count="1"/>
      <line num="284" type="stmt" count="1"/>
      <line num="285" type="stmt" count="1"/>
      <line num="288" type="stmt" count="0"/>
      <line num="289" type="stmt" count="0"/>
      <line num="290" type="stmt" count="0"/>
      <line num="297" type="method" name="formatPaginatedResource" visibility="protected" complexity="1" crap="1" count="3"/>
      <line num="299" type="stmt" count="3"/>
      <line num="300" type="stmt" count="2"/>
      <line num="301" type="stmt" count="2"/>
      <line num="308" type="method" name="formatBaseResource" visibility="protected" complexity="1" crap="1" count="19"/>
      <line num="310" type="stmt" count="19"/>
      <line num="311" type="stmt" count="16"/>
      <line num="319" type="method" name="getPaginatedAdditional" visibility="protected" complexity="1" crap="1" count="3"/>
      <line num="321" type="stmt" count="3"/>
      <line num="322" type="stmt" count="3"/>
      <line num="323" type="stmt" count="3"/>
      <line num="324" type="stmt" count="3"/>
      <line num="325" type="stmt" count="3"/>
      <line num="332" type="method" name="getBaseAdditional" visibility="protected" complexity="1" crap="1" count="16"/>
      <line num="334" type="stmt" count="16"/>
      <line num="335" type="stmt" count="16"/>
      <line num="336" type="stmt" count="16"/>
      <line num="337" type="stmt" count="16"/>
      <metrics loc="339" ncloc="229" classes="1" methods="13" coveredmethods="10" conditionals="0" coveredconditionals="0" statements="72" coveredstatements="67" elements="85" coveredelements="77"/>
    </file>
    <file name="/Users/builder/Sites/searchable-resource/src/SearchableResource.php">
      <class name="BayAreaWebPro\SearchableResource\SearchableResource" namespace="global">
        <metrics complexity="1" methods="1" coveredmethods="1" conditionals="0" coveredconditionals="0" statements="1" coveredstatements="1" elements="2" coveredelements="2"/>
      </class>
      <line num="16" type="method" name="getFacadeAccessor" visibility="protected" complexity="1" crap="1" count="24"/>
      <line num="18" type="stmt" count="24"/>
      <metrics loc="20" ncloc="13" classes="1" methods="1" coveredmethods="1" conditionals="0" coveredconditionals="0" statements="1" coveredstatements="1" elements="2" coveredelements="2"/>
    </file>
    <file name="/Users/builder/Sites/searchable-resource/src/SearchableResourceServiceProvider.php">
      <class name="BayAreaWebPro\SearchableResource\SearchableResourceServiceProvider" namespace="global">
        <metrics complexity="4" methods="3" coveredmethods="3" conditionals="0" coveredconditionals="0" statements="15" coveredstatements="15" elements="18" coveredelements="18"/>
      </class>
      <line num="14" type="method" name="boot" visibility="public" complexity="2" crap="2" count="30"/>
      <line num="17" type="stmt" count="30"/>
      <line num="19" type="stmt" count="30"/>
      <line num="21" type="stmt" count="30"/>
      <line num="22" type="stmt" count="30"/>
      <line num="26" type="stmt" count="30"/>
      <line num="27" type="stmt" count="30"/>
      <line num="28" type="stmt" count="30"/>
      <line num="30" type="stmt" count="30"/>
      <line num="31" type="stmt" count="30"/>
      <line num="32" type="stmt" count="30"/>
      <line num="34" type="stmt" count="30"/>
      <line num="39" type="method" name="register" visibility="public" complexity="1" crap="1" count="30"/>
      <line num="41" type="stmt" count="30"/>
      <line num="42" type="stmt" count="30"/>
      <line num="43" type="stmt" count="30"/>
      <line num="49" type="method" name="provides" visibility="public" complexity="1" crap="1" count="1"/>
      <line num="51" type="stmt" count="1"/>
      <metrics loc="53" ncloc="43" classes="1" methods="3" coveredmethods="3" conditionals="0" coveredconditionals="0" statements="15" coveredstatements="15" elements="18" coveredelements="18"/>
    </file>
    <metrics files="23" loc="1093" ncloc="755" classes="18" methods="57" coveredmethods="51" conditionals="0" coveredconditionals="0" statements="185" coveredstatements="177" elements="242" coveredelements="228"/>
  </project>
</coverage>
